<?xml version="1.0" encoding="UTF-8"?>
<!-- Generated by org.testng.reporters.JUnitReportReporter -->
<testsuite hostname="DESKTOP-CEKL42O" failures="0" tests="2" name="com.crm.orgtest.ContactTest" time="0.031" errors="0" timestamp="2021-10-18T16:34:33 IST" skipped="0">
  <testcase classname="com.crm.orgtest.ContactTest" name="editContactTest" time="0.005"/>
  <system-out/>
  <testcase classname="com.crm.orgtest.ContactTest" name="createContactTest" time="0.026"/>
  <system-out/>
</testsuite> <!-- com.crm.orgtest.ContactTest -->
