<?xml version="1.0" encoding="UTF-8"?>
<!-- Generated by org.testng.reporters.JUnitReportReporter -->
<testsuite skipped="0" hostname="DESKTOP-CEKL42O" name="com.crm.orgtest.ContactTest" tests="2" failures="0" timestamp="2021-10-20T00:56:00 IST" time="0.013" errors="0">
  <testcase name="editContactTest" time="0.001" classname="com.crm.orgtest.ContactTest"/>
  <system-out/>
  <testcase name="createContactTest" time="0.012" classname="com.crm.orgtest.ContactTest"/>
  <system-out/>
</testsuite> <!-- com.crm.orgtest.ContactTest -->
